<testsuites name="jest tests" tests="4" failures="0" time="1.495">
  <testsuite name="undefined" errors="0" failures="0" skipped="0" timestamp="2021-11-29T19:06:10" time="1.495" tests="4">
    <testcase classname=" renders learn react link" name=" renders learn react link" time="0.153">
    </testcase>
    <testcase classname=" renders learn react link" name=" renders learn react link" time="0.071">
    </testcase>
    <testcase classname=" renders learn react link" name=" renders learn react link" time="0.092">
    </testcase>
    <testcase classname=" renders learn react link" name=" renders learn react link" time="0.031">
    </testcase>
  </testsuite>
</testsuites>